
> frontend@0.0.0 build
> tsc && vite build

The CJS build of Vite's Node API is deprecated. See https://vite.dev/guide/troubleshooting.html#vite-cjs-node-api-deprecated for more details.
[36mvite v5.4.21 [32mbuilding for production...[36m[39m
transforming...
[32m笨・[39m 4 modules transformed.
x Build failed in 1.51s
error during build:
[vite:css] [postcss] Cannot find module 'tailwindcss-animate'
Require stack:
- C:\Users\takum\Desktop\Python\progress-dashboard-refact\frontend\tailwind.config.js
file: C:/Users/takum/Desktop/Python/progress-dashboard-refact/frontend/src/index.css:undefined:NaN
    at Function._resolveFilename (node:internal/modules/cjs/loader:1401:15)
    at Function.resolve (node:internal/modules/helpers:145:19)
    at _resolve (C:\Users\takum\Desktop\Python\progress-dashboard-refact\frontend\node_modules\jiti\dist\jiti.js:1:246378)
    at jiti (C:\Users\takum\Desktop\Python\progress-dashboard-refact\frontend\node_modules\jiti\dist\jiti.js:1:249092)
    at C:\Users\takum\Desktop\Python\progress-dashboard-refact\frontend\tailwind.config.js:75:15
    at evalModule (C:\Users\takum\Desktop\Python\progress-dashboard-refact\frontend\node_modules\jiti\dist\jiti.js:1:251913)
    at jiti (C:\Users\takum\Desktop\Python\progress-dashboard-refact\frontend\node_modules\jiti\dist\jiti.js:1:249841)
    at C:\Users\takum\Desktop\Python\progress-dashboard-refact\frontend\node_modules\tailwindcss\lib\lib\load-config.js:52:26
    at loadConfig (C:\Users\takum\Desktop\Python\progress-dashboard-refact\frontend\node_modules\tailwindcss\lib\lib\load-config.js:62:6)
    at getTailwindConfig (C:\Users\takum\Desktop\Python\progress-dashboard-refact\frontend\node_modules\tailwindcss\lib\lib\setupTrackingContext.js:71:116)
