
> frontend@0.0.0 build
> tsc && vite build

The CJS build of Vite's Node API is deprecated. See https://vite.dev/guide/troubleshooting.html#vite-cjs-node-api-deprecated for more details.
[36mvite v5.4.21 [32mbuilding for production...[36m[39m
transforming...
Error: Cannot apply unknown utility class `border-border`. Are you using CSS modules or similar and missing `@reference`? https://tailwindcss.com/docs/functions-and-directives#reference-directive
    at onInvalidCandidate (C:\Users\takum\Desktop\Python\progress-dashboard-refact\frontend\node_modules\tailwindcss\dist\lib.js:21:1314)
    at Te (C:\Users\takum\Desktop\Python\progress-dashboard-refact\frontend\node_modules\tailwindcss\dist\lib.js:16:36652)
    at C:\Users\takum\Desktop\Python\progress-dashboard-refact\frontend\node_modules\tailwindcss\dist\lib.js:21:355
    at Rr (C:\Users\takum\Desktop\Python\progress-dashboard-refact\frontend\node_modules\tailwindcss\dist\lib.js:3:1718)
    at _ (C:\Users\takum\Desktop\Python\progress-dashboard-refact\frontend\node_modules\tailwindcss\dist\lib.js:3:1377)
    at $e (C:\Users\takum\Desktop\Python\progress-dashboard-refact\frontend\node_modules\tailwindcss\dist\lib.js:21:172)
    at un (C:\Users\takum\Desktop\Python\progress-dashboard-refact\frontend\node_modules\tailwindcss\dist\lib.js:38:294)
    at async cn (C:\Users\takum\Desktop\Python\progress-dashboard-refact\frontend\node_modules\tailwindcss\dist\lib.js:38:631)
    at async Xr (C:\Users\takum\Desktop\Python\progress-dashboard-refact\frontend\node_modules\@tailwindcss\node\dist\index.js:10:3417)
    at async I (C:\Users\takum\Desktop\Python\progress-dashboard-refact\frontend\node_modules\@tailwindcss\postcss\dist\index.js:10:3977)
[32m笨・[39m 4 modules transformed.
x Build failed in 1.28s
error during build:
[vite:css] [postcss] tailwindcss: C:/Users/takum/Desktop/Python/progress-dashboard-refact/frontend/src/index.css:1:1: Cannot apply unknown utility class `border-border`. Are you using CSS modules or similar and missing `@reference`? https://tailwindcss.com/docs/functions-and-directives#reference-directive
file: C:/Users/takum/Desktop/Python/progress-dashboard-refact/frontend/src/index.css:1:0
    at Input.error (C:\Users\takum\Desktop\Python\progress-dashboard-refact\frontend\node_modules\postcss\lib\input.js:135:16)
    at Root.error (C:\Users\takum\Desktop\Python\progress-dashboard-refact\frontend\node_modules\postcss\lib\node.js:146:32)
    at Object.Once (C:\Users\takum\Desktop\Python\progress-dashboard-refact\frontend\node_modules\@tailwindcss\postcss\dist\index.js:10:6911)
    at async LazyResult.runAsync (C:\Users\takum\Desktop\Python\progress-dashboard-refact\frontend\node_modules\postcss\lib\lazy-result.js:293:11)
    at async compileCSS (file:///C:/Users/takum/Desktop/Python/progress-dashboard-refact/frontend/node_modules/vite/dist/node/chunks/dep-BK3b2jBa.js:36898:21)
    at async Object.transform (file:///C:/Users/takum/Desktop/Python/progress-dashboard-refact/frontend/node_modules/vite/dist/node/chunks/dep-BK3b2jBa.js:36171:11)
    at async transform (file:///C:/Users/takum/Desktop/Python/progress-dashboard-refact/frontend/node_modules/rollup/dist/es/shared/node-entry.js:21243:16)
    at async ModuleLoader.addModuleSource (file:///C:/Users/takum/Desktop/Python/progress-dashboard-refact/frontend/node_modules/rollup/dist/es/shared/node-entry.js:21471:36)
